This is pdfTeX, Version 3.14159265-2.6-1.40.20 (TeX Live 2019) (preloaded format=pdflatex 2019.5.8)  13 MAR 2020 17:37
entering extended mode
 restricted \write18 enabled.
 file:line:error style messages enabled.
 %&-line parsing enabled.
**/Users/avdorodn/Documents/TEX/torus10/T10/_region_.tex
(/Users/avdorodn/Documents/TEX/torus10/T10/_region_.tex
LaTeX2e <2018-12-01>
 !name(main.tex) (/Users/avdorodn/Documents/TEX/torus10/T10/aastex.cls
Document Class: aastex 1999/11/30 5.0b9/CB/AO AAS markup document class
Class aastex Info: Original \LaTeX2.09 style by Chris Biemesderfer (chris@seagoat.com). Adapted to \LaTeXe by A. Ogawa (ogawa@teleport.com) on input line 73.
(/usr/local/texlive/2019/texmf-dist/tex/latex/base/article.cls
Document Class: article 2018/09/03 v1.4i Standard LaTeX document class
(/usr/local/texlive/2019/texmf-dist/tex/latex/base/size12.clo
File: size12.clo 2018/09/03 v1.4i Standard LaTeX file (size option)
)
\c@part=\count80
\c@section=\count81
\c@subsection=\count82
\c@subsubsection=\count83
\c@paragraph=\count84
\c@subparagraph=\count85
\c@figure=\count86
\c@table=\count87
\abovecaptionskip=\skip41
\belowcaptionskip=\skip42
\bibindent=\dimen102
) (/usr/local/texlive/2019/texmf-dist/tex/latex/base/latexsym.sty
Package: latexsym 1998/08/17 v2.2e Standard LaTeX package (lasy symbols)
\symlasy=\mathgroup4
LaTeX Font Info:    Overwriting symbol font `lasy' in version `bold'
(Font)                  U/lasy/m/n --> U/lasy/b/n on input line 52.
) (/usr/local/texlive/2019/texmf-dist/tex/latex/graphics/graphicx.sty
Package: graphicx 2017/06/01 v1.1a Enhanced LaTeX Graphics (DPC,SPQR)
 (/usr/local/texlive/2019/texmf-dist/tex/latex/graphics/keyval.sty
Package: keyval 2014/10/28 v1.15 key=value parser (DPC)
\KV@toks@=\toks14
) (/usr/local/texlive/2019/texmf-dist/tex/latex/graphics/graphics.sty
Package: graphics 2017/06/25 v1.2c Standard LaTeX Graphics (DPC,SPQR)
 (/usr/local/texlive/2019/texmf-dist/tex/latex/graphics/trig.sty
Package: trig 2016/01/03 v1.10 sin cos tan (DPC)
) (/usr/local/texlive/2019/texmf-dist/tex/latex/graphics-cfg/graphics.cfg
File: graphics.cfg 2016/06/04 v1.11 sample graphics configuration
)
Package graphics Info: Driver file: pdftex.def on input line 99.
 (/usr/local/texlive/2019/texmf-dist/tex/latex/graphics-def/pdftex.def
File: pdftex.def 2018/01/08 v1.0l Graphics/color driver for pdftex
))
\Gin@req@height=\dimen103
\Gin@req@width=\dimen104
) (/usr/local/texlive/2019/texmf-dist/tex/latex/amsfonts/amssymb.sty
Package: amssymb 2013/01/14 v3.01 AMS font symbols
 (/usr/local/texlive/2019/texmf-dist/tex/latex/amsfonts/amsfonts.sty
Package: amsfonts 2013/01/14 v3.01 Basic AMSFonts support
\@emptytoks=\toks15
\symAMSa=\mathgroup5
\symAMSb=\mathgroup6
LaTeX Font Info:    Overwriting math alphabet `\mathfrak' in version `bold'
(Font)                  U/euf/m/n --> U/euf/b/n on input line 106.
)) (/usr/local/texlive/2019/texmf-dist/tex/latex/natbib/natbib.sty
Package: natbib 2010/09/13 8.31b (PWD, AO)
\bibhang=\skip43
\bibsep=\skip44
LaTeX Info: Redefining \cite on input line 694.
\c@NAT@ctr=\count88
) (/usr/local/texlive/2019/texmf-dist/tex/latex/tools/verbatim.sty
Package: verbatim 2014/10/28 v1.5q LaTeX2e package for verbatim enhancements
\every@verbatim=\toks16
\verbatim@line=\toks17
\verbatim@in@stream=\read1
)
\@slugcmmntwidth=\dimen105
\abstract@box=\box27
\c@editornote=\count89
\c@cureqno=\count90
\pt@box=\box28
\pt@width=\dimen106
\pt@line=\count91
\pt@column=\count92
\pt@nlines=\count93
\pt@ncol=\count94
\pt@page=\count95
\pt@tmpcapwidth=\dimen107
\c@plate=\count96
) (/usr/local/texlive/2019/texmf-dist/tex/latex/base/fontenc.sty
Package: fontenc 2018/08/11 v2.0j Standard LaTeX package
 (/usr/local/texlive/2019/texmf-dist/tex/latex/base/t1enc.def
File: t1enc.def 2018/08/11 v2.0j Standard LaTeX file
LaTeX Font Info:    Redeclaring font encoding T1 on input line 48.
)) (/usr/local/texlive/2019/texmf-dist/tex/latex/base/inputenc.sty
Package: inputenc 2018/08/11 v1.3c Input encoding file
\inpenc@prehook=\toks18
\inpenc@posthook=\toks19
 (/usr/local/texlive/2019/texmf-dist/tex/latex/base/latin9.def
File: latin9.def 2018/08/11 v1.3c Input encoding file
)) (/usr/local/texlive/2019/texmf-dist/tex/latex/amsmath/amstext.sty
Package: amstext 2000/06/29 v2.01 AMS text
 (/usr/local/texlive/2019/texmf-dist/tex/latex/amsmath/amsgen.sty
File: amsgen.sty 1999/11/30 v2.0 generic functions
\@emptytoks=\toks20
\ex@=\dimen108
)) (/usr/local/texlive/2019/texmf-dist/tex/latex/amsmath/amsmath.sty
Package: amsmath 2018/12/01 v2.17b AMS math features
\@mathmargin=\skip45

For additional information on amsmath, use the `?' option.
(/usr/local/texlive/2019/texmf-dist/tex/latex/amsmath/amsbsy.sty
Package: amsbsy 1999/11/29 v1.2d Bold Symbols
\pmbraise@=\dimen109
) (/usr/local/texlive/2019/texmf-dist/tex/latex/amsmath/amsopn.sty
Package: amsopn 2016/03/08 v2.02 operator names
)
\inf@bad=\count97
LaTeX Info: Redefining \frac on input line 223.
\uproot@=\count98
\leftroot@=\count99
LaTeX Info: Redefining \overline on input line 385.
\classnum@=\count100
\DOTSCASE@=\count101
LaTeX Info: Redefining \ldots on input line 482.
LaTeX Info: Redefining \dots on input line 485.
LaTeX Info: Redefining \cdots on input line 606.
\Mathstrutbox@=\box29
\strutbox@=\box30
\big@size=\dimen110
LaTeX Font Info:    Redeclaring font encoding OML on input line 729.
LaTeX Font Info:    Redeclaring font encoding OMS on input line 730.
\macc@depth=\count102
\c@MaxMatrixCols=\count103
\dotsspace@=\muskip10
\c@parentequation=\count104
\dspbrk@lvl=\count105
\tag@help=\toks21
\row@=\count106
\column@=\count107
\maxfields@=\count108
\andhelp@=\toks22
\eqnshift@=\dimen111
\alignsep@=\dimen112
\tagshift@=\dimen113
\tagwidth@=\dimen114
\totwidth@=\dimen115
\lineht@=\dimen116
\@envbody=\toks23
\multlinegap=\skip46
\multlinetaggap=\skip47
\mathdisplay@stack=\toks24
LaTeX Info: Redefining \[ on input line 2844.
LaTeX Info: Redefining \] on input line 2845.
) (/usr/local/texlive/2019/texmf-dist/tex/latex/graphics/color.sty
Package: color 2016/07/10 v1.1e Standard LaTeX Color (DPC)
 (/usr/local/texlive/2019/texmf-dist/tex/latex/graphics-cfg/color.cfg
File: color.cfg 2016/01/02 v1.6 sample color configuration
)
Package color Info: Driver file: pdftex.def on input line 147.
) (/usr/local/texlive/2019/texmf-dist/tex/generic/babel/babel.sty
Package: babel 2019/05/04 3.31 The Babel package
 (/usr/local/texlive/2019/texmf-dist/tex/generic/babel/switch.def
File: switch.def 2019/05/04 3.31 Babel switching mechanism
) (/usr/local/texlive/2019/texmf-dist/tex/generic/babel-english/english.ldf
Language: english 2017/06/06 v3.3r English support from the babel system
 (/usr/local/texlive/2019/texmf-dist/tex/generic/babel/babel.def
File: babel.def 2019/05/04 3.31 Babel common definitions
\babel@savecnt=\count109
\U@D=\dimen117
 (/usr/local/texlive/2019/texmf-dist/tex/generic/babel/txtbabel.def)
\bbl@dirlevel=\count110
)
\l@canadian = a dialect from \language\l@american 
\l@australian = a dialect from \language\l@british 
\l@newzealand = a dialect from \language\l@british 
)) (/usr/local/texlive/2019/texmf-dist/tex/latex/xifthen/xifthen.sty
Package: xifthen 2015/11/05 v1.4.0 Extended ifthen features
 (/usr/local/texlive/2019/texmf-dist/tex/latex/tools/calc.sty
Package: calc 2017/05/25 v4.3 Infix arithmetic (KKT,FJ)
\calc@Acount=\count111
\calc@Bcount=\count112
\calc@Adimen=\dimen118
\calc@Bdimen=\dimen119
\calc@Askip=\skip48
\calc@Bskip=\skip49
LaTeX Info: Redefining \setlength on input line 80.
LaTeX Info: Redefining \addtolength on input line 81.
\calc@Ccount=\count113
\calc@Cskip=\skip50
) (/usr/local/texlive/2019/texmf-dist/tex/latex/base/ifthen.sty
Package: ifthen 2014/09/29 v1.1c Standard LaTeX ifthen package (DPC)
) (/usr/local/texlive/2019/texmf-dist/tex/latex/ifmtarg/ifmtarg.sty
Package: ifmtarg 2018/04/16 v1.2b check for an empty argument
)) (/Users/avdorodn/Documents/TEX/torus10/T10/_region_.aux)
\openout1 = `_region_.aux'.

LaTeX Font Info:    Checking defaults for OML/cmm/m/it on input line 70.
LaTeX Font Info:    ... okay on input line 70.
LaTeX Font Info:    Checking defaults for T1/cmr/m/n on input line 70.
LaTeX Font Info:    ... okay on input line 70.
LaTeX Font Info:    Checking defaults for OT1/cmr/m/n on input line 70.
LaTeX Font Info:    ... okay on input line 70.
LaTeX Font Info:    Checking defaults for OMS/cmsy/m/n on input line 70.
LaTeX Font Info:    ... okay on input line 70.
LaTeX Font Info:    Checking defaults for OMX/cmex/m/n on input line 70.
LaTeX Font Info:    ... okay on input line 70.
LaTeX Font Info:    Checking defaults for U/cmr/m/n on input line 70.
LaTeX Font Info:    ... okay on input line 70.
 (/usr/local/texlive/2019/texmf-dist/tex/context/base/mkii/supp-pdf.mkii
[Loading MPS to PDF converter (version 2006.09.02).]
\scratchcounter=\count114
\scratchdimen=\dimen120
\scratchbox=\box31
\nofMPsegments=\count115
\nofMParguments=\count116
\everyMPshowfont=\toks25
\MPscratchCnt=\count117
\MPscratchDim=\dimen121
\MPnumerator=\count118
\makeMPintoPDFobject=\count119
\everyMPtoPDFconversion=\toks26
) (/usr/local/texlive/2019/texmf-dist/tex/latex/oberdiek/epstopdf-base.sty
Package: epstopdf-base 2016/05/15 v2.6 Base part for package epstopdf
 (/usr/local/texlive/2019/texmf-dist/tex/generic/oberdiek/infwarerr.sty
Package: infwarerr 2016/05/16 v1.4 Providing info/warning/error messages (HO)
) (/usr/local/texlive/2019/texmf-dist/tex/latex/oberdiek/grfext.sty
Package: grfext 2016/05/16 v1.2 Manage graphics extensions (HO)
 (/usr/local/texlive/2019/texmf-dist/tex/generic/oberdiek/kvdefinekeys.sty
Package: kvdefinekeys 2016/05/16 v1.4 Define keys (HO)
 (/usr/local/texlive/2019/texmf-dist/tex/generic/oberdiek/ltxcmds.sty
Package: ltxcmds 2016/05/16 v1.23 LaTeX kernel commands for general use (HO)
))) (/usr/local/texlive/2019/texmf-dist/tex/latex/oberdiek/kvoptions.sty
Package: kvoptions 2016/05/16 v3.12 Key value format for package options (HO)
 (/usr/local/texlive/2019/texmf-dist/tex/generic/oberdiek/kvsetkeys.sty
Package: kvsetkeys 2016/05/16 v1.17 Key value parser (HO)
 (/usr/local/texlive/2019/texmf-dist/tex/generic/oberdiek/etexcmds.sty
Package: etexcmds 2016/05/16 v1.6 Avoid name clashes with e-TeX commands (HO)
 (/usr/local/texlive/2019/texmf-dist/tex/generic/oberdiek/ifluatex.sty
Package: ifluatex 2016/05/16 v1.4 Provides the ifluatex switch (HO)
Package ifluatex Info: LuaTeX not detected.
)))) (/usr/local/texlive/2019/texmf-dist/tex/generic/oberdiek/pdftexcmds.sty
Package: pdftexcmds 2018/09/10 v0.29 Utility functions of pdfTeX for LuaTeX (HO)
 (/usr/local/texlive/2019/texmf-dist/tex/generic/oberdiek/ifpdf.sty
Package: ifpdf 2018/09/07 v3.3 Provides the ifpdf switch
)
Package pdftexcmds Info: LuaTeX not detected.
Package pdftexcmds Info: \pdf@primitive is available.
Package pdftexcmds Info: \pdf@ifprimitive is available.
Package pdftexcmds Info: \pdfdraftmode found.
)
Package epstopdf-base Info: Redefining graphics rule for `.eps' on input line 438.
Package grfext Info: Graphics extension search list:
(grfext)             [.pdf,.png,.jpg,.mps,.jpeg,.jbig2,.jb2,.PDF,.PNG,.JPG,.JPEG,.JBIG2,.JB2,.eps]
(grfext)             \AppendGraphicsExtensions on input line 456.
 (/usr/local/texlive/2019/texmf-dist/tex/latex/latexconfig/epstopdf-sys.cfg
File: epstopdf-sys.cfg 2010/07/13 v1.3 Configuration of (r)epstopdf for TeX Live
))
AAS preprint substyle, v5.0 <25 Sep 98>.
 !name(main.tex) !offset(-3) 
LaTeX Font Info:    Try loading font information for U+lasy on input line 89.
 (/usr/local/texlive/2019/texmf-dist/tex/latex/base/ulasy.fd
File: ulasy.fd 1998/08/17 v2.2e LaTeX symbol font definitions
)
LaTeX Font Info:    Try loading font information for U+msa on input line 89.
 (/usr/local/texlive/2019/texmf-dist/tex/latex/amsfonts/umsa.fd
File: umsa.fd 2013/01/14 v3.01 AMS symbols A
)
LaTeX Font Info:    Try loading font information for U+msb on input line 89.
 (/usr/local/texlive/2019/texmf-dist/tex/latex/amsfonts/umsb.fd
File: umsb.fd 2013/01/14 v3.01 AMS symbols B
) [1

{/usr/local/texlive/2019/texmf-var/fonts/map/pdftex/updmap/pdftex.map}] [2] [3] [4]
LaTeX Font Info:    Try loading font information for OMS+cmr on input line 357.
 (/usr/local/texlive/2019/texmf-dist/tex/latex/base/omscmr.fd
File: omscmr.fd 2014/09/29 v2.5h Standard LaTeX font definitions
)
LaTeX Font Info:    Font shape `OMS/cmr/m/n' in size <12> not available
(Font)              Font shape `OMS/cmsy/m/n' tried instead on input line 357.
 [5] [6] [7] [8]
<TurbDiskSketch.pdf, id=43, 690.47934pt x 320.36206pt>
File: TurbDiskSketch.pdf Graphic file (type pdf)
<use TurbDiskSketch.pdf>
Package pdftex.def Info: TurbDiskSketch.pdf  used on input line 492.
(pdftex.def)             Requested size: 552.38422pt x 256.28998pt.

Overfull \hbox (82.62923pt too wide) in paragraph at lines 492--500
[][] 
 []

[9] [10 </Users/avdorodn/Documents/TEX/torus10/T10/TurbDiskSketch.pdf>] [11] [12]
Overfull \hbox (25.78923pt too wide) detected at line 636
\OML/cmm/m/it/12 T[] \OT1/cmr/m/n/12 = [] [][] \OML/cmm/m/it/12 ^^T[]J\OT1/cmr/m/n/12 (\OML/cmm/m/it/12 R\OT1/cmr/m/n/12 )[]\OML/cmm/m/it/12 ^^V[][][]^^Y[]\OT1/cmr/m/n/12 
[]\OMS/cmsy/m/n/12 R[]\OML/cmm/m/it/12 []^^[[] \OMS/cmsy/m/n/12 ' \OT1/cmr/m/n/12 2 \OMS/cmsy/m/n/12 ^^B \OT1/cmr/m/n/12 10[]\OML/cmm/m/it/12 ^^T[]M[][][]r[]\OT1/cmr/m/n/12 K[]
 []

[13]
Overfull \hbox (21.90202pt too wide) detected at line 651
\OML/cmm/m/it/12 r[] \OT1/cmr/m/n/12 = \OML/cmm/m/it/12 r\OMS/cmsy/m/n/12 j[] ' \OT1/cmr/m/n/12 0\OML/cmm/m/it/12 :\OT1/cmr/m/n/12 14\OML/cmm/m/it/12 M[]^^T[][][][][]T[][] \OMS/cmsy/m/n/12 ' \OT1/cmr/m/n/12 1\OML/cmm/m/it/12 :\OT1/cmr/m/n/12 5 \OMS/cmsy/m/n/12 ^^B \OT1/cmr/m/n/12 10[][]\OML/cmm/m/it/12 ^^T[]M[][][][][][]T[] [][]
 []

[14] [15] [16] [17]

LaTeX Warning: Reference `eq:TcNonLinEq' on page 18 undefined on input line 843.


LaTeX Warning: Reference `fig:DiskTcAndTeff1' on page 18 undefined on input line 844.

<RadDiskTempSketch.pdf, id=199, 455.7025pt x 287.0725pt>
File: RadDiskTempSketch.pdf Graphic file (type pdf)
<use RadDiskTempSketch.pdf>
Package pdftex.def Info: RadDiskTempSketch.pdf  used on input line 847.
(pdftex.def)             Requested size: 455.70137pt x 287.0718pt.
[18] [19 </Users/avdorodn/Documents/TEX/torus10/T10/RadDiskTempSketch.pdf>] [20] [21]
<RadDiskTemp.pdf, id=228, 578.16pt x 332.24126pt>
File: RadDiskTemp.pdf Graphic file (type pdf)
<use RadDiskTemp.pdf>
Package pdftex.def Info: RadDiskTemp.pdf  used on input line 953.
(pdftex.def)             Requested size: 462.52863pt x 265.79335pt.

Overfull \hbox (3.98346pt too wide) in paragraph at lines 964--971
[]\T1/cmr/m/n/12 To es-ti-mate the con-vec-tive flux in a HDD we choose the fidu-cial val-ues $[]$
 []

[22] [23 </Users/avdorodn/Documents/TEX/torus10/T10/RadDiskTemp.pdf>]
<gradTAdiabVsMod.pdf, id=285, 330.68665pt x 248.51294pt>
File: gradTAdiabVsMod.pdf Graphic file (type pdf)
<use gradTAdiabVsMod.pdf>
Package pdftex.def Info: gradTAdiabVsMod.pdf  used on input line 1021.
(pdftex.def)             Requested size: 496.02873pt x 372.7685pt.

Overfull \hbox (26.27374pt too wide) in paragraph at lines 1021--1024
[][] 
 []

[24] [25 </Users/avdorodn/Documents/TEX/torus10/T10/gradTAdiabVsMod.pdf>] [26]
<diskTsurfIluum_1x2pan.pdf, id=417, 468.2809pt x 175.46529pt>
File: diskTsurfIluum_1x2pan.pdf Graphic file (type pdf)
<use diskTsurfIluum_1x2pan.pdf>
Package pdftex.def Info: diskTsurfIluum_1x2pan.pdf  used on input line 1099.
(pdftex.def)             Requested size: 468.27975pt x 175.46486pt.
 [27]

LaTeX Warning: Reference `eq:RadSub' on page 28 undefined on input line 1120.

[28] [29] [30] [31] [32] [33]

LaTeX Warning: Reference `eq:Ps=P-' on page 34 undefined on input line 1558.


LaTeX Warning: Reference `eq:{Ps}' on page 34 undefined on input line 1558.


LaTeX Warning: Reference `Convective-layer' on page 34 undefined on input line 1569.

(/Users/avdorodn/Documents/TEX/torus10/T10/_region_.bbl [34] [35] [36])  !name(main.tex) !offset(-5)  [37] [38 </Users/avdorodn/Documents/TEX/torus10/T10/diskTsurfIluum_1x2pan.pdf>] (/Users/avdorodn/Documents/TEX/torus10/T10/_region_.aux)

LaTeX Warning: There were undefined references.

 ) 
Here is how much of TeX's memory you used:
 4451 strings out of 492616
 58307 string characters out of 6129482
 135426 words of memory out of 5000000
 8251 multiletter control sequences out of 15000+600000
 19303 words of font info for 61 fonts, out of 8000000 for 9000
 1141 hyphenation exceptions out of 8191
 41i,9n,29p,665b,325s stack positions out of 5000i,500n,10000p,200000b,80000s
{/usr/local/texlive/2019/texmf-dist/fonts/enc/dvips/cm-super/cm-super-t1.enc}</usr/local/texlive/2019/texmf-dist/fonts/type1/public/amsfonts/cm/cmbx12.pfb></usr/local/texlive/2019/texmf-dist/fonts/type1/public/amsfonts/cm/cmex10.pfb></usr/local/texlive/2019/texmf-dist/fonts/type1/public/amsfonts/cm/cmmi12.pfb></usr/local/texlive/2019/texmf-dist/fonts/type1/public/amsfonts/cm/cmmi6.pfb></usr/local/texlive/2019/texmf-dist/fonts/type1/public/amsfonts/cm/cmmi8.pfb></usr/local/texlive/2019/texmf-dist/fonts/type1/public/amsfonts/cm/cmr12.pfb></usr/local/texlive/2019/texmf-dist/fonts/type1/public/amsfonts/cm/cmr6.pfb></usr/local/texlive/2019/texmf-dist/fonts/type1/public/amsfonts/cm/cmr7.pfb></usr/local/texlive/2019/texmf-dist/fonts/type1/public/amsfonts/cm/cmr8.pfb></usr/local/texlive/2019/texmf-dist/fonts/type1/public/amsfonts/cm/cmsy10.pfb></usr/local/texlive/2019/texmf-dist/fonts/type1/public/amsfonts/cm/cmsy8.pfb></usr/local/texlive/2019/texmf-dist/fonts/type1/public/amsfonts/symbols/msam10.pfb></usr/local/texlive/2019/texmf-dist/fonts/type1/public/cm-super/sfbx1200.pfb></usr/local/texlive/2019/texmf-dist/fonts/type1/public/cm-super/sfbx1440.pfb></usr/local/texlive/2019/texmf-dist/fonts/type1/public/cm-super/sfrm0700.pfb></usr/local/texlive/2019/texmf-dist/fonts/type1/public/cm-super/sfrm0800.pfb></usr/local/texlive/2019/texmf-dist/fonts/type1/public/cm-super/sfrm1000.pfb></usr/local/texlive/2019/texmf-dist/fonts/type1/public/cm-super/sfrm1200.pfb></usr/local/texlive/2019/texmf-dist/fonts/type1/public/cm-super/sfti1200.pfb>
Output written on /Users/avdorodn/Documents/TEX/torus10/T10/_region_.pdf (38 pages, 2083388 bytes).
PDF statistics:
 530 PDF objects out of 1000 (max. 8388607)
 364 compressed objects within 4 object streams
 0 named destinations out of 1000 (max. 500000)
 26 words of extra memory for PDF output out of 10000 (max. 10000000)

